<?xml version="1.0" encoding="UTF-8"?>
<testsuite name="br.newtonpaiva.lab.AV1.Av1ApplicationTests" tests="1" skipped="0" failures="0" errors="0" timestamp="2020-09-25T00:47:15" hostname="OTAVIOPC" time="0.791">
  <properties/>
  <testcase name="contextLoads()" classname="br.newtonpaiva.lab.AV1.Av1ApplicationTests" time="0.791"/>
  <system-out><![CDATA[21:47:09.473 [Test worker] DEBUG org.springframework.test.context.BootstrapUtils - Instantiating CacheAwareContextLoaderDelegate from class [org.springframework.test.context.cache.DefaultCacheAwareContextLoaderDelegate]
21:47:09.505 [Test worker] DEBUG org.springframework.test.context.BootstrapUtils - Instantiating BootstrapContext using constructor [public org.springframework.test.context.support.DefaultBootstrapContext(java.lang.Class,org.springframework.test.context.CacheAwareContextLoaderDelegate)]
21:47:09.570 [Test worker] DEBUG org.springframework.test.context.BootstrapUtils - Instantiating TestContextBootstrapper for test class [br.newtonpaiva.lab.AV1.Av1ApplicationTests] from class [org.springframework.boot.test.context.SpringBootTestContextBootstrapper]
21:47:09.614 [Test worker] INFO org.springframework.boot.test.context.SpringBootTestContextBootstrapper - Neither @ContextConfiguration nor @ContextHierarchy found for test class [br.newtonpaiva.lab.AV1.Av1ApplicationTests], using SpringBootContextLoader
21:47:09.626 [Test worker] DEBUG org.springframework.test.context.support.AbstractContextLoader - Did not detect default resource location for test class [br.newtonpaiva.lab.AV1.Av1ApplicationTests]: class path resource [br/newtonpaiva/lab/AV1/Av1ApplicationTests-context.xml] does not exist
21:47:09.626 [Test worker] DEBUG org.springframework.test.context.support.AbstractContextLoader - Did not detect default resource location for test class [br.newtonpaiva.lab.AV1.Av1ApplicationTests]: class path resource [br/newtonpaiva/lab/AV1/Av1ApplicationTestsContext.groovy] does not exist
21:47:09.627 [Test worker] INFO org.springframework.test.context.support.AbstractContextLoader - Could not detect default resource locations for test class [br.newtonpaiva.lab.AV1.Av1ApplicationTests]: no resource found for suffixes {-context.xml, Context.groovy}.
21:47:09.628 [Test worker] INFO org.springframework.test.context.support.AnnotationConfigContextLoaderUtils - Could not detect default configuration classes for test class [br.newtonpaiva.lab.AV1.Av1ApplicationTests]: Av1ApplicationTests does not declare any static, non-private, non-final, nested classes annotated with @Configuration.
21:47:09.708 [Test worker] DEBUG org.springframework.test.context.support.ActiveProfilesUtils - Could not find an 'annotation declaring class' for annotation type [org.springframework.test.context.ActiveProfiles] and class [br.newtonpaiva.lab.AV1.Av1ApplicationTests]
21:47:09.864 [Test worker] DEBUG org.springframework.context.annotation.ClassPathScanningCandidateComponentProvider - Identified candidate component class: file [B:\Otavio\Documents\IOT\eclipse\av1\AV1\build\classes\java\main\br\newtonpaiva\lab\AV1\Av1Application.class]
21:47:09.866 [Test worker] INFO org.springframework.boot.test.context.SpringBootTestContextBootstrapper - Found @SpringBootConfiguration br.newtonpaiva.lab.AV1.Av1Application for test class br.newtonpaiva.lab.AV1.Av1ApplicationTests
21:47:10.103 [Test worker] DEBUG org.springframework.boot.test.context.SpringBootTestContextBootstrapper - @TestExecutionListeners is not present for class [br.newtonpaiva.lab.AV1.Av1ApplicationTests]: using defaults.
21:47:10.105 [Test worker] INFO org.springframework.boot.test.context.SpringBootTestContextBootstrapper - Loaded default TestExecutionListener class names from location [META-INF/spring.factories]: [org.springframework.boot.test.autoconfigure.restdocs.RestDocsTestExecutionListener, org.springframework.boot.test.autoconfigure.web.client.MockRestServiceServerResetTestExecutionListener, org.springframework.boot.test.autoconfigure.web.servlet.MockMvcPrintOnlyOnFailureTestExecutionListener, org.springframework.boot.test.autoconfigure.web.servlet.WebDriverTestExecutionListener, org.springframework.boot.test.autoconfigure.webservices.client.MockWebServiceServerTestExecutionListener, org.springframework.boot.test.mock.mockito.MockitoTestExecutionListener, org.springframework.boot.test.mock.mockito.ResetMocksTestExecutionListener, org.springframework.test.context.web.ServletTestExecutionListener, org.springframework.test.context.support.DirtiesContextBeforeModesTestExecutionListener, org.springframework.test.context.support.DependencyInjectionTestExecutionListener, org.springframework.test.context.support.DirtiesContextTestExecutionListener, org.springframework.test.context.transaction.TransactionalTestExecutionListener, org.springframework.test.context.jdbc.SqlScriptsTestExecutionListener, org.springframework.test.context.event.EventPublishingTestExecutionListener]
21:47:10.130 [Test worker] DEBUG org.springframework.boot.test.context.SpringBootTestContextBootstrapper - Skipping candidate TestExecutionListener [org.springframework.test.context.transaction.TransactionalTestExecutionListener] due to a missing dependency. Specify custom listener classes or make the default listener classes and their required dependencies available. Offending class: [org/springframework/transaction/interceptor/TransactionAttributeSource]
21:47:10.132 [Test worker] DEBUG org.springframework.boot.test.context.SpringBootTestContextBootstrapper - Skipping candidate TestExecutionListener [org.springframework.test.context.jdbc.SqlScriptsTestExecutionListener] due to a missing dependency. Specify custom listener classes or make the default listener classes and their required dependencies available. Offending class: [org/springframework/transaction/interceptor/TransactionAttribute]
21:47:10.133 [Test worker] INFO org.springframework.boot.test.context.SpringBootTestContextBootstrapper - Using TestExecutionListeners: [org.springframework.test.context.web.ServletTestExecutionListener@1a6a94ae, org.springframework.test.context.support.DirtiesContextBeforeModesTestExecutionListener@76823e08, org.springframework.boot.test.mock.mockito.MockitoTestExecutionListener@12a8985c, org.springframework.boot.test.autoconfigure.SpringBootDependencyInjectionTestExecutionListener@20f23ca9, org.springframework.test.context.support.DirtiesContextTestExecutionListener@6e7303fd, org.springframework.test.context.event.EventPublishingTestExecutionListener@9661245, org.springframework.boot.test.autoconfigure.restdocs.RestDocsTestExecutionListener@5fda114d, org.springframework.boot.test.autoconfigure.web.client.MockRestServiceServerResetTestExecutionListener@6efc796b, org.springframework.boot.test.autoconfigure.web.servlet.MockMvcPrintOnlyOnFailureTestExecutionListener@18e6f3a2, org.springframework.boot.test.autoconfigure.web.servlet.WebDriverTestExecutionListener@21ab3ec1, org.springframework.boot.test.autoconfigure.webservices.client.MockWebServiceServerTestExecutionListener@2e7403c0, org.springframework.boot.test.mock.mockito.ResetMocksTestExecutionListener@23ce1044]
21:47:10.140 [Test worker] DEBUG org.springframework.test.context.support.AbstractDirtiesContextTestExecutionListener - Before test class: context [DefaultTestContext@14caa06d testClass = Av1ApplicationTests, testInstance = [null], testMethod = [null], testException = [null], mergedContextConfiguration = [WebMergedContextConfiguration@706b409b testClass = Av1ApplicationTests, locations = '{}', classes = '{class br.newtonpaiva.lab.AV1.Av1Application}', contextInitializerClasses = '[]', activeProfiles = '{}', propertySourceLocations = '{}', propertySourceProperties = '{org.springframework.boot.test.context.SpringBootTestContextBootstrapper=true}', contextCustomizers = set[org.springframework.boot.test.autoconfigure.properties.PropertyMappingContextCustomizer@0, org.springframework.boot.test.autoconfigure.web.servlet.WebDriverContextCustomizerFactory$Customizer@604373d6, org.springframework.boot.test.context.filter.ExcludeFilterContextCustomizer@5ec843da, org.springframework.boot.test.json.DuplicateJsonObjectContextCustomizerFactory$DuplicateJsonObjectContextCustomizer@5dbe2467, org.springframework.boot.test.mock.mockito.MockitoContextCustomizer@0, org.springframework.boot.test.web.client.TestRestTemplateContextCustomizer@5a375d82, org.springframework.boot.test.context.SpringBootTestArgs@1], resourceBasePath = 'src/main/webapp', contextLoader = 'org.springframework.boot.test.context.SpringBootContextLoader', parent = [null]], attributes = map['org.springframework.test.context.web.ServletTestExecutionListener.activateListener' -> true]], class annotated with @DirtiesContext [false] with mode [null].
21:47:10.207 [Test worker] DEBUG org.springframework.test.context.support.TestPropertySourceUtils - Adding inlined properties to environment: {spring.jmx.enabled=false, org.springframework.boot.test.context.SpringBootTestContextBootstrapper=true}

  .   ____          _            __ _ _
 /\\ / ___'_ __ _ _(_)_ __  __ _ \ \ \ \
( ( )\___ | '_ | '_| | '_ \/ _` | \ \ \ \
 \\/  ___)| |_)| | | | | || (_| |  ) ) ) )
  '  |____| .__|_| |_|_| |_\__, | / / / /
 =========|_|==============|___/=/_/_/_/
 :: Spring Boot ::        (v2.3.4.RELEASE)

2020-09-24 21:47:10.777  INFO 16136 --- [    Test worker] b.n.lab.AV1.Av1ApplicationTests          : Starting Av1ApplicationTests on OTAVIOPC with PID 16136 (started by otavi in B:\Otavio\Documents\IOT\eclipse\av1\AV1)
2020-09-24 21:47:10.779  INFO 16136 --- [    Test worker] b.n.lab.AV1.Av1ApplicationTests          : No active profile set, falling back to default profiles: default
2020-09-24 21:47:14.920  INFO 16136 --- [    Test worker] o.s.s.concurrent.ThreadPoolTaskExecutor  : Initializing ExecutorService 'applicationTaskExecutor'
2020-09-24 21:47:15.526  INFO 16136 --- [    Test worker] b.n.lab.AV1.Av1ApplicationTests          : Started Av1ApplicationTests in 5.292 seconds (JVM running for 8.15)
]]></system-out>
  <system-err><![CDATA[]]></system-err>
</testsuite>
